TN:
SF:src\domain\usecases\auth-usecase.js
FN:4,(anonymous_0)
FN:11,(anonymous_1)
FNF:2
FNH:2
FNDA:22,(anonymous_0)
FNDA:22,(anonymous_1)
DA:1,1
DA:3,1
DA:5,22
DA:6,22
DA:7,22
DA:8,22
DA:12,22
DA:13,1
DA:15,21
DA:16,1
DA:18,20
DA:19,16
DA:20,13
DA:21,11
DA:22,8
DA:23,5
DA:26,2
LF:17
LH:17
BRDA:4,0,0,1
BRDA:12,1,0,1
BRDA:12,1,1,21
BRDA:15,2,0,1
BRDA:15,2,1,20
BRDA:19,3,0,16
BRDA:19,3,1,15
BRDA:20,4,0,11
BRDA:20,4,1,2
BRF:9
BRH:9
end_of_record
TN:
SF:src\infra\helpers\mongo-helper.js
FN:4,(anonymous_0)
FN:12,(anonymous_1)
FNF:2
FNH:2
FNDA:3,(anonymous_0)
FNDA:3,(anonymous_1)
DA:1,3
DA:3,3
DA:5,3
DA:9,3
DA:13,3
DA:14,3
DA:15,3
LF:7
LH:7
BRF:0
BRH:0
end_of_record
TN:
SF:src\infra\repositories\load-user-by-email-repository.js
FN:4,(anonymous_0)
FN:8,(anonymous_1)
FNF:2
FNH:2
FNDA:4,(anonymous_0)
FNDA:4,(anonymous_1)
DA:1,1
DA:3,1
DA:5,4
DA:9,4
DA:10,1
DA:12,3
DA:19,2
LF:7
LH:7
BRDA:9,0,0,1
BRDA:9,0,1,3
BRF:2
BRH:2
end_of_record
TN:
SF:src\infra\repositories\update-access-token-repository.js
FN:4,(anonymous_0)
FN:8,(anonymous_1)
FNF:2
FNH:2
FNDA:3,(anonymous_0)
FNDA:4,(anonymous_1)
DA:1,1
DA:3,1
DA:5,3
DA:9,4
DA:10,1
DA:12,3
DA:13,1
DA:15,2
LF:8
LH:8
BRDA:9,0,0,1
BRDA:9,0,1,3
BRDA:12,1,0,1
BRDA:12,1,1,2
BRF:4
BRH:4
end_of_record
TN:
SF:src\presentation\errors\index.js
FNF:0
FNH:0
DA:1,1
DA:2,1
DA:4,1
LF:3
LH:3
BRF:0
BRH:0
end_of_record
TN:
SF:src\presentation\errors\server-error.js
FN:2,(anonymous_0)
FNF:1
FNH:1
FNDA:14,(anonymous_0)
DA:1,1
DA:3,14
DA:4,14
LF:3
LH:3
BRF:0
BRH:0
end_of_record
TN:
SF:src\presentation\errors\unauthorized-error.js
FN:2,(anonymous_0)
FNF:1
FNH:1
FNDA:2,(anonymous_0)
DA:1,1
DA:3,2
DA:4,2
LF:3
LH:3
BRF:0
BRH:0
end_of_record
TN:
SF:src\presentation\helpers\http-response.js
FN:4,(anonymous_0)
FN:11,(anonymous_1)
FN:18,(anonymous_2)
FN:25,(anonymous_3)
FNF:4
FNH:4
FNDA:3,(anonymous_0)
FNDA:3,(anonymous_1)
FNDA:1,(anonymous_2)
FNDA:8,(anonymous_3)
DA:1,1
DA:3,1
DA:5,3
DA:12,3
DA:19,1
DA:26,8
LF:6
LH:6
BRF:0
BRH:0
end_of_record
TN:
SF:src\presentation\routers\login-router.js
FN:5,(anonymous_0)
FN:10,(anonymous_1)
FNF:2
FNH:2
FNDA:15,(anonymous_0)
FNDA:15,(anonymous_1)
DA:1,1
DA:2,1
DA:4,1
DA:6,15
DA:7,15
DA:11,15
DA:12,15
DA:13,13
DA:14,1
DA:16,12
DA:17,1
DA:19,5
DA:20,1
DA:23,4
DA:24,4
DA:25,1
DA:28,3
DA:30,8
LF:18
LH:18
BRDA:13,0,0,1
BRDA:13,0,1,12
BRDA:16,1,0,1
BRDA:16,1,1,5
BRDA:19,2,0,1
BRDA:19,2,1,4
BRDA:24,3,0,1
BRDA:24,3,1,3
BRF:8
BRH:8
end_of_record
TN:
SF:src\utils\errors\index.js
FNF:0
FNH:0
DA:1,2
DA:2,2
DA:4,2
LF:3
LH:3
BRF:0
BRH:0
end_of_record
TN:
SF:src\utils\errors\invalid-param-error.js
FN:2,(anonymous_0)
FNF:1
FNH:1
FNDA:2,(anonymous_0)
DA:1,2
DA:3,2
DA:4,2
LF:3
LH:3
BRF:0
BRH:0
end_of_record
TN:
SF:src\utils\errors\missing-param-error.js
FN:2,(anonymous_0)
FNF:1
FNH:1
FNDA:23,(anonymous_0)
DA:1,7
DA:3,23
DA:4,23
LF:3
LH:3
BRF:0
BRH:0
end_of_record
TN:
SF:src\utils\helpers\email-validator.js
FN:5,(anonymous_0)
FNF:1
FNH:1
FNDA:4,(anonymous_0)
DA:1,1
DA:2,1
DA:4,1
DA:6,4
DA:7,1
DA:9,3
LF:6
LH:6
BRDA:6,0,0,1
BRDA:6,0,1,3
BRF:2
BRH:2
end_of_record
TN:
SF:src\utils\helpers\encrypter.js
FN:5,(anonymous_0)
FNF:1
FNH:1
FNDA:5,(anonymous_0)
DA:1,1
DA:2,1
DA:4,1
DA:6,5
DA:7,1
DA:9,4
DA:10,1
DA:12,3
DA:13,3
LF:9
LH:9
BRDA:6,0,0,1
BRDA:6,0,1,4
BRDA:9,1,0,1
BRDA:9,1,1,3
BRF:4
BRH:4
end_of_record
TN:
SF:src\utils\helpers\token-generator.js
FN:5,(anonymous_0)
FN:9,(anonymous_1)
FNF:2
FNH:2
FNDA:5,(anonymous_0)
FNDA:5,(anonymous_1)
DA:1,1
DA:2,1
DA:4,1
DA:6,5
DA:10,5
DA:11,1
DA:13,4
DA:14,1
DA:16,3
LF:9
LH:9
BRDA:10,0,0,1
BRDA:10,0,1,4
BRDA:13,1,0,1
BRDA:13,1,1,3
BRF:4
BRH:4
end_of_record
